[20-Jan-2026 01:01:37 UTC] PHP Warning:  Undefined array key "host" in /workspaces/UX221-Lab-2---Ayyan-Dhalait/.wordpress/wp-includes/pluggable.php on line 1721
[13-Mar-2026 20:40:17 UTC] PHP Warning:  Undefined variable $parent_theme_name in /workspaces/UX221-Assignment-3---Ayyan-Dhalait/.wordpress/wp-content/mu-plugins/one-click-child-theme/templates/create_child_form.php on line 18
[13-Mar-2026 20:55:45 UTC] PHP Warning:  Undefined variable $parent_theme_name in /workspaces/UX221-Assignment-3---Ayyan-Dhalait/.wordpress/wp-content/mu-plugins/one-click-child-theme/templates/create_child_form.php on line 18
[13-Mar-2026 21:08:58 UTC] WordPress database error <div style="clear:both">&nbsp;</div>
<div class="queries" style="clear:both;margin-bottom:2px;border:red dotted thin;">
<p>MySQL query:</p>
<p>SELECT SQL_CALC_FOUND_ROWS  wp_posts.ID
					 FROM wp_posts 
					 WHERE 1=1  AND ((wp_posts.post_type = 'al_product' AND (wp_posts.post_status = 'publish' OR wp_posts.post_status = 'future' OR wp_posts.post_status = 'draft' OR wp_posts.post_status = 'pending' 
OR wp_posts.post_status = 'private')))
					 
					 ORDER BY (
			SELECT GROUP_CONCAT(name ORDER BY name ASC)
			FROM wp_term_relationships
			INNER JOIN wp_term_taxonomy USING (term_taxonomy_id)
			INNER JOIN wp_terms USING (term_id)
			WHERE wp_posts.ID = object_id
			AND taxonomy = 'al_product-cat'
			GROUP BY object_id
		) ASC
					 LIMIT 0, 20</p>
<p>Queries made or created this session were:</p>
<ol>
<li>Executing: BEGIN | (no parameters)</li>
<li>Executing: SELECT   wp_posts.ID
					 FROM wp_posts 
					 WHERE 1=1  AND ((wp_posts.post_type = :param0  AND (wp_posts.post_status = :param1  OR wp_posts.post_status = :param2  OR wp_posts.post_status = :param3  OR wp_posts.post_status = :param4  
OR wp_posts.post_status = :param5 )))
					 
					 ORDER BY (
			SELECT GROUP_CONCAT(name ORDER BY name ASC)
			FROM wp_term_relationships
			INNER JOIN wp_term_taxonomy USING (term_taxonomy_id)
			INNER JOIN wp_terms USING (term_id)
			WHERE wp_posts.ID = object_id
			AND taxonomy = :param6 
			GROUP BY object_id
		) ASC
					  | (no parameters)</li>
<li>Executing: ROLLBACK | (no parameters)</li>
</ol>
</div>
<div style="clear:both;margin-bottom:2px;border:red dotted thin;" class="error_message" style="border-bottom:dotted blue thin;">
Error occurred at line 4117 in Function <code>handle_error</code>. Error message was: SQLSTATE[HY000]: General error: 1 near "ORDER": syntax error.
</div>
<p>Backtrace:</p>
<pre>#0 /workspaces/UX221-Assignment-3---Ayyan-Dhalait/.wordpress/wp-content/mu-plugins/sqlite-database-integration/wp-includes/sqlite/class-wp-sqlite-db.php(287): WP_SQLite_Translator->get_error_message()
#1 /workspaces/UX221-Assignment-3---Ayyan-Dhalait/.wordpress/wp-includes/class-wpdb.php(3117): WP_SQLite_DB->query('SELECT SQL_CALC...')
#2 /workspaces/UX221-Assignment-3---Ayyan-Dhalait/.wordpress/wp-includes/class-wp-query.php(3428): wpdb->get_col('SELECT SQL_CALC...')
#3 /workspaces/UX221-Assignment-3---Ayyan-Dhalait/.wordpress/wp-includes/class-wp-query.php(3958): WP_Query->get_posts()
#4 /workspaces/UX221-Assignment-3---Ayyan-Dhalait/.wordpress/wp-includes/class-wp.php(704): WP_Query->query(Array)
#5 /workspaces/UX221-Assignment-3---Ayyan-Dhalait/.wordpress/wp-includes/class-wp.php(824): WP->query_posts()
#6 /workspaces/UX221-Assignment-3---Ayyan-Dhalait/.wordpress/wp-includes/functions.php(1343): WP->main(Array)
#7 /workspaces/UX221-Assignment-3---Ayyan-Dhalait/.wordpress/wp-admin/includes/post.php(1319): wp(Array)
#8 /workspaces/UX221-Assignment-3---Ayyan-Dhalait/.wordpress/wp-admin/includes/class-wp-posts-list-table.php(165): wp_edit_posts_query()
#9 /workspaces/UX221-Assignment-3---Ayyan-Dhalait/.wordpress/wp-admin/edit.php(235): WP_Posts_List_Table->prepare_items()
#10 {main}</pre>
 for query SELECT SQL_CALC_FOUND_ROWS  wp_posts.ID
					 FROM wp_posts 
					 WHERE 1=1  AND ((wp_posts.post_type = 'al_product' AND (wp_posts.post_status = 'publish' OR wp_posts.post_status = 'future' OR wp_posts.post_status = 'draft' OR wp_posts.post_status = 'pending' 
OR wp_posts.post_status = 'private')))
					 
					 ORDER BY (
			SELECT GROUP_CONCAT(name ORDER BY name ASC)
			FROM wp_term_relationships
			INNER JOIN wp_term_taxonomy USING (term_taxonomy_id)
			INNER JOIN wp_terms USING (term_id)
			WHERE wp_posts.ID = object_id
			AND taxonomy = 'al_product-cat'
			GROUP BY object_id
		) ASC
					 LIMIT 0, 20 made by WP_Posts_List_Table->prepare_items, wp_edit_posts_query, wp, WP->main, WP->query_posts, WP_Query->query, WP_Query->get_posts, WP_SQLite_DB->query, WP_SQLite_DB->print_error
[13-Mar-2026 21:12:33 UTC] WordPress database error <div style="clear:both">&nbsp;</div>
<div class="queries" style="clear:both;margin-bottom:2px;border:red dotted thin;">
<p>MySQL query:</p>
<p>SELECT SQL_CALC_FOUND_ROWS  wp_posts.ID
					 FROM wp_posts 
					 WHERE 1=1  AND ((wp_posts.post_type = 'al_product' AND (wp_posts.post_status = 'publish' OR wp_posts.post_status = 'future' OR wp_posts.post_status = 'draft' OR wp_posts.post_status = 'pending' 
OR wp_posts.post_status = 'private')))
					 
					 ORDER BY (
			SELECT GROUP_CONCAT(name ORDER BY name ASC)
			FROM wp_term_relationships
			INNER JOIN wp_term_taxonomy USING (term_taxonomy_id)
			INNER JOIN wp_terms USING (term_id)
			WHERE wp_posts.ID = object_id
			AND taxonomy = 'al_product-cat'
			GROUP BY object_id
		) ASC
					 LIMIT 0, 20</p>
<p>Queries made or created this session were:</p>
<ol>
<li>Executing: BEGIN | (no parameters)</li>
<li>Executing: SELECT   wp_posts.ID
					 FROM wp_posts 
					 WHERE 1=1  AND ((wp_posts.post_type = :param0  AND (wp_posts.post_status = :param1  OR wp_posts.post_status = :param2  OR wp_posts.post_status = :param3  OR wp_posts.post_status = :param4  
OR wp_posts.post_status = :param5 )))
					 
					 ORDER BY (
			SELECT GROUP_CONCAT(name ORDER BY name ASC)
			FROM wp_term_relationships
			INNER JOIN wp_term_taxonomy USING (term_taxonomy_id)
			INNER JOIN wp_terms USING (term_id)
			WHERE wp_posts.ID = object_id
			AND taxonomy = :param6 
			GROUP BY object_id
		) ASC
					  | (no parameters)</li>
<li>Executing: ROLLBACK | (no parameters)</li>
</ol>
</div>
<div style="clear:both;margin-bottom:2px;border:red dotted thin;" class="error_message" style="border-bottom:dotted blue thin;">
Error occurred at line 4117 in Function <code>handle_error</code>. Error message was: SQLSTATE[HY000]: General error: 1 near "ORDER": syntax error.
</div>
<p>Backtrace:</p>
<pre>#0 /workspaces/UX221-Assignment-3---Ayyan-Dhalait/.wordpress/wp-content/mu-plugins/sqlite-database-integration/wp-includes/sqlite/class-wp-sqlite-db.php(287): WP_SQLite_Translator->get_error_message()
#1 /workspaces/UX221-Assignment-3---Ayyan-Dhalait/.wordpress/wp-includes/class-wpdb.php(3117): WP_SQLite_DB->query('SELECT SQL_CALC...')
#2 /workspaces/UX221-Assignment-3---Ayyan-Dhalait/.wordpress/wp-includes/class-wp-query.php(3428): wpdb->get_col('SELECT SQL_CALC...')
#3 /workspaces/UX221-Assignment-3---Ayyan-Dhalait/.wordpress/wp-includes/class-wp-query.php(3958): WP_Query->get_posts()
#4 /workspaces/UX221-Assignment-3---Ayyan-Dhalait/.wordpress/wp-includes/class-wp.php(704): WP_Query->query(Array)
#5 /workspaces/UX221-Assignment-3---Ayyan-Dhalait/.wordpress/wp-includes/class-wp.php(824): WP->query_posts()
#6 /workspaces/UX221-Assignment-3---Ayyan-Dhalait/.wordpress/wp-includes/functions.php(1343): WP->main(Array)
#7 /workspaces/UX221-Assignment-3---Ayyan-Dhalait/.wordpress/wp-admin/includes/post.php(1319): wp(Array)
#8 /workspaces/UX221-Assignment-3---Ayyan-Dhalait/.wordpress/wp-admin/includes/class-wp-posts-list-table.php(165): wp_edit_posts_query()
#9 /workspaces/UX221-Assignment-3---Ayyan-Dhalait/.wordpress/wp-admin/edit.php(235): WP_Posts_List_Table->prepare_items()
#10 {main}</pre>
 for query SELECT SQL_CALC_FOUND_ROWS  wp_posts.ID
					 FROM wp_posts 
					 WHERE 1=1  AND ((wp_posts.post_type = 'al_product' AND (wp_posts.post_status = 'publish' OR wp_posts.post_status = 'future' OR wp_posts.post_status = 'draft' OR wp_posts.post_status = 'pending' 
OR wp_posts.post_status = 'private')))
					 
					 ORDER BY (
			SELECT GROUP_CONCAT(name ORDER BY name ASC)
			FROM wp_term_relationships
			INNER JOIN wp_term_taxonomy USING (term_taxonomy_id)
			INNER JOIN wp_terms USING (term_id)
			WHERE wp_posts.ID = object_id
			AND taxonomy = 'al_product-cat'
			GROUP BY object_id
		) ASC
					 LIMIT 0, 20 made by WP_Posts_List_Table->prepare_items, wp_edit_posts_query, wp, WP->main, WP->query_posts, WP_Query->query, WP_Query->get_posts, WP_SQLite_DB->query, WP_SQLite_DB->print_error
[13-Mar-2026 21:12:52 UTC] PHP Fatal error:  Out of memory (allocated 37748736 bytes) (tried to allocate 2097152 bytes) in /workspaces/UX221-Assignment-3---Ayyan-Dhalait/.wordpress/wp-content/plugins/ecommerce-product-catalog/includes/register-product.php on line 760
[13-Mar-2026 21:12:52 UTC] PHP Fatal error:  Out of memory (allocated 37748736 bytes) (tried to allocate 2097152 bytes) in /workspaces/UX221-Assignment-3---Ayyan-Dhalait/.wordpress/wp-includes/Requests/src/Cookie/Jar.php on line 32
[13-Mar-2026 21:12:53 UTC] PHP Fatal error:  Out of memory (allocated 33554432 bytes) (tried to allocate 2097152 bytes) in /workspaces/UX221-Assignment-3---Ayyan-Dhalait/.wordpress/wp-content/plugins/ecommerce-product-catalog/includes/register-product.php on line 758
[13-Mar-2026 21:12:53 UTC] PHP Fatal error:  Out of memory (allocated 33554432 bytes) (tried to allocate 2097152 bytes) in /workspaces/UX221-Assignment-3---Ayyan-Dhalait/.wordpress/wp-includes/sodium_compat/src/Core/Util.php on line 12
[13-Mar-2026 21:12:56 UTC] PHP Fatal error:  Out of memory (allocated 31457280 bytes) (tried to allocate 2097152 bytes) in /workspaces/UX221-Assignment-3---Ayyan-Dhalait/.wordpress/wp-content/plugins/ecommerce-product-catalog/includes/widgets/search-widget.php on line 79
[13-Mar-2026 21:12:56 UTC] PHP Fatal error:  Out of memory (allocated 31457280 bytes) (tried to allocate 2097152 bytes) in /workspaces/UX221-Assignment-3---Ayyan-Dhalait/.wordpress/wp-includes/Requests/src/Cookie/Jar.php on line 32
[13-Mar-2026 21:13:03 UTC] PHP Fatal error:  Out of memory (allocated 31457280 bytes) (tried to allocate 2097152 bytes) in /workspaces/UX221-Assignment-3---Ayyan-Dhalait/.wordpress/wp-content/plugins/ecommerce-product-catalog/includes/register-product.php on line 758
[13-Mar-2026 21:13:03 UTC] PHP Fatal error:  Out of memory (allocated 31457280 bytes) (tried to allocate 2097152 bytes) in /workspaces/UX221-Assignment-3---Ayyan-Dhalait/.wordpress/wp-includes/Requests/src/Cookie/Jar.php on line 32
[13-Mar-2026 21:13:04 UTC] PHP Fatal error:  Out of memory (allocated 31457280 bytes) (tried to allocate 2097152 bytes) in /workspaces/UX221-Assignment-3---Ayyan-Dhalait/.wordpress/wp-content/plugins/ecommerce-product-catalog/includes/widgets/search-widget.php on line 79
[13-Mar-2026 21:13:04 UTC] PHP Fatal error:  Out of memory (allocated 31457280 bytes) (tried to allocate 2097152 bytes) in /workspaces/UX221-Assignment-3---Ayyan-Dhalait/.wordpress/wp-includes/Requests/src/Cookie/Jar.php on line 32
[13-Mar-2026 21:13:06 UTC] PHP Fatal error:  Out of memory (allocated 31457280 bytes) (tried to allocate 2097152 bytes) in /workspaces/UX221-Assignment-3---Ayyan-Dhalait/.wordpress/wp-content/plugins/ecommerce-product-catalog/includes/widgets/search-widget.php on line 82
[13-Mar-2026 21:13:06 UTC] PHP Fatal error:  Out of memory (allocated 31457280 bytes) (tried to allocate 2097152 bytes) in /workspaces/UX221-Assignment-3---Ayyan-Dhalait/.wordpress/wp-includes/Requests/src/Cookie/Jar.php on line 32
[13-Mar-2026 21:13:09 UTC] PHP Fatal error:  Out of memory (allocated 31457280 bytes) (tried to allocate 2097152 bytes) in /workspaces/UX221-Assignment-3---Ayyan-Dhalait/.wordpress/wp-content/plugins/ecommerce-product-catalog/includes/widgets/search-widget.php on line 82
[13-Mar-2026 21:13:09 UTC] PHP Fatal error:  Out of memory (allocated 31457280 bytes) (tried to allocate 2097152 bytes) in /workspaces/UX221-Assignment-3---Ayyan-Dhalait/.wordpress/wp-includes/Requests/src/Cookie/Jar.php on line 32
[13-Mar-2026 21:13:09 UTC] PHP Fatal error:  Out of memory (allocated 31457280 bytes) (tried to allocate 2097152 bytes) in /workspaces/UX221-Assignment-3---Ayyan-Dhalait/.wordpress/wp-content/plugins/ecommerce-product-catalog/includes/widgets/search-widget.php on line 82
[13-Mar-2026 21:13:09 UTC] PHP Fatal error:  Out of memory (allocated 31457280 bytes) (tried to allocate 2097152 bytes) in /workspaces/UX221-Assignment-3---Ayyan-Dhalait/.wordpress/wp-includes/Requests/src/Cookie/Jar.php on line 32
[13-Mar-2026 21:13:10 UTC] PHP Fatal error:  Out of memory (allocated 31457280 bytes) (tried to allocate 2097152 bytes) in /workspaces/UX221-Assignment-3---Ayyan-Dhalait/.wordpress/wp-content/plugins/ecommerce-product-catalog/includes/widgets/search-widget.php on line 82
[13-Mar-2026 21:13:10 UTC] PHP Fatal error:  Out of memory (allocated 31457280 bytes) (tried to allocate 2097152 bytes) in /workspaces/UX221-Assignment-3---Ayyan-Dhalait/.wordpress/wp-includes/Requests/src/Cookie/Jar.php on line 32
[13-Mar-2026 21:13:13 UTC] PHP Fatal error:  Out of memory (allocated 31457280 bytes) (tried to allocate 2097152 bytes) in /workspaces/UX221-Assignment-3---Ayyan-Dhalait/.wordpress/wp-content/plugins/ecommerce-product-catalog/includes/widgets/search-widget.php on line 79
[13-Mar-2026 21:13:13 UTC] PHP Fatal error:  Out of memory (allocated 31457280 bytes) (tried to allocate 2097152 bytes) in /workspaces/UX221-Assignment-3---Ayyan-Dhalait/.wordpress/wp-includes/Requests/src/Cookie/Jar.php on line 32
[13-Mar-2026 21:13:20 UTC] PHP Fatal error:  Out of memory (allocated 31457280 bytes) (tried to allocate 2097152 bytes) in /workspaces/UX221-Assignment-3---Ayyan-Dhalait/.wordpress/wp-content/plugins/ecommerce-product-catalog/includes/extensions.php on line 161
[13-Mar-2026 21:13:20 UTC] PHP Fatal error:  Out of memory (allocated 31457280 bytes) (tried to allocate 2097152 bytes) in /workspaces/UX221-Assignment-3---Ayyan-Dhalait/.wordpress/wp-includes/Requests/src/Cookie/Jar.php on line 32
[13-Mar-2026 21:13:35 UTC] PHP Fatal error:  Out of memory (allocated 31457280 bytes) (tried to allocate 2097152 bytes) in /workspaces/UX221-Assignment-3---Ayyan-Dhalait/.wordpress/wp-content/plugins/ecommerce-product-catalog/includes/extensions.php on line 161
[13-Mar-2026 21:13:35 UTC] PHP Fatal error:  Out of memory (allocated 31457280 bytes) (tried to allocate 2097152 bytes) in /workspaces/UX221-Assignment-3---Ayyan-Dhalait/.wordpress/wp-includes/Requests/src/Cookie/Jar.php on line 32
[13-Mar-2026 21:13:40 UTC] PHP Fatal error:  Out of memory (allocated 31457280 bytes) (tried to allocate 2097152 bytes) in /workspaces/UX221-Assignment-3---Ayyan-Dhalait/.wordpress/wp-content/plugins/ecommerce-product-catalog/includes/extensions.php on line 133
[13-Mar-2026 21:13:40 UTC] PHP Fatal error:  Out of memory (allocated 31457280 bytes) (tried to allocate 2097152 bytes) in /workspaces/UX221-Assignment-3---Ayyan-Dhalait/.wordpress/wp-includes/Requests/src/Cookie/Jar.php on line 32
[13-Mar-2026 21:14:17 UTC] PHP Fatal error:  Out of memory (allocated 31457280 bytes) (tried to allocate 2097152 bytes) in /workspaces/UX221-Assignment-3---Ayyan-Dhalait/.wordpress/wp-content/plugins/ecommerce-product-catalog/includes/extensions.php on line 161
[13-Mar-2026 21:14:17 UTC] PHP Fatal error:  Out of memory (allocated 31457280 bytes) (tried to allocate 2097152 bytes) in /workspaces/UX221-Assignment-3---Ayyan-Dhalait/.wordpress/wp-includes/Requests/src/Cookie/Jar.php on line 32
